2023.09.15 16:50:20 INFO  Started: Metals version 1.0.1 in folders '/Users/michaelyau/HMRC/ddce_ls/atar_repos/binding-tariff-ruling-frontend' for client Visual Studio Code 1.82.0.
Sep 15, 2023 4:50:20 PM org.flywaydb.core.internal.license.VersionPrinter printVersionOnly
INFO: Flyway Community Edition 9.21.2 by Redgate
Sep 15, 2023 4:50:20 PM org.flywaydb.core.internal.license.VersionPrinter printVersion
INFO: See release notes here: https://rd.gt/416ObMi
Sep 15, 2023 4:50:20 PM org.flywaydb.core.internal.license.VersionPrinter printVersion
INFO: 
Sep 15, 2023 4:50:21 PM org.flywaydb.core.FlywayExecutor execute
INFO: Database: jdbc:h2:file:/Users/michaelyau/HMRC/ddce_ls/atar_repos/binding-tariff-ruling-frontend/.metals/metals (H2 2.1)
Sep 15, 2023 4:50:21 PM org.flywaydb.core.internal.schemahistory.JdbcTableSchemaHistory allAppliedMigrations
INFO: Schema history table "PUBLIC"."flyway_schema_history" does not exist yet
Sep 15, 2023 4:50:21 PM org.flywaydb.core.internal.command.DbValidate validate
INFO: Successfully validated 4 migrations (execution time 00:00.033s)
Sep 15, 2023 4:50:21 PM org.flywaydb.core.internal.schemahistory.JdbcTableSchemaHistory create
INFO: Creating Schema History table "PUBLIC"."flyway_schema_history" ...
Sep 15, 2023 4:50:21 PM org.flywaydb.core.internal.command.DbMigrate migrateGroup
INFO: Current version of schema "PUBLIC": << Empty Schema >>
Sep 15, 2023 4:50:21 PM org.flywaydb.core.internal.command.DbMigrate doMigrateGroup
INFO: Migrating schema "PUBLIC" to version "1 - Create tables"
Sep 15, 2023 4:50:21 PM org.flywaydb.core.internal.command.DbMigrate doMigrateGroup
INFO: Migrating schema "PUBLIC" to version "2 - Server discovery"
Sep 15, 2023 4:50:21 PM org.flywaydb.core.internal.command.DbMigrate doMigrateGroup
INFO: Migrating schema "PUBLIC" to version "3 - Jar symbols"
Sep 15, 2023 4:50:21 PM org.flywaydb.core.internal.command.DbMigrate doMigrateGroup
INFO: Migrating schema "PUBLIC" to version "4 - Fingerprints"
Sep 15, 2023 4:50:21 PM org.flywaydb.core.internal.command.DbMigrate logSummary
INFO: Successfully applied 4 migrations to schema "PUBLIC", now at version v4 (execution time 00:00.045s)
2023.09.15 16:50:21 INFO  time: initialize in 1.24s
2023.09.15 16:50:24 WARN  Build server is not auto-connectable.
2023.09.15 16:50:26 WARN  no build target for: /Users/michaelyau/HMRC/ddce_ls/atar_repos/binding-tariff-ruling-frontend/app/uk/gov/hmrc/bindingtariffrulingfrontend/controllers/SearchController.scala
2023.09.15 16:50:28 INFO  running '/Library/Java/JavaVirtualMachines/adoptopenjdk-11.jdk/Contents/Home/bin/java -Djline.terminal=jline.UnsupportedTerminal -Dsbt.log.noformat=true -Dfile.encoding=UTF-8 -jar /var/folders/hn/ft44w3s10vqgv9pc1kk1z22m0000gp/T/metals12307704791177016093/sbt-launch.jar -Dbloop.export-jar-classifiers=sources bloopInstall'
2023.09.15 16:50:32 INFO  [info] welcome to sbt 1.8.0 (AdoptOpenJDK Java 11.0.11)
2023.09.15 16:50:34 INFO  [info] loading global plugins from /Users/michaelyau/.sbt/1.0/plugins
2023.09.15 16:50:36 INFO  no build target found for /Users/michaelyau/HMRC/ddce_ls/atar_repos/binding-tariff-ruling-frontend/app/uk/gov/hmrc/bindingtariffrulingfrontend/controllers/SearchController.scala. Using presentation compiler with project's scala-library version: 3.3.0
2023.09.15 16:50:36 WARN  no build target for: /Users/michaelyau/HMRC/ddce_ls/atar_repos/binding-tariff-ruling-frontend/project/metals.sbt
2023.09.15 16:50:36 WARN  no build target for: /Users/michaelyau/HMRC/ddce_ls/atar_repos/binding-tariff-ruling-frontend/project/project/metals.sbt
2023.09.15 16:50:36 INFO  skipping build import with status 'Started'
2023.09.15 16:50:40 INFO  [info] loading settings for project binding-tariff-ruling-frontend-build-build-build from metals.sbt ...
2023.09.15 16:50:40 INFO  [info] loading project definition from /Users/michaelyau/HMRC/ddce_ls/atar_repos/binding-tariff-ruling-frontend/project/project/project
2023.09.15 16:50:41 INFO  time: code lens generation in 12s
2023.09.15 16:50:41 INFO  time: code lens generation in 13s
2023.09.15 16:50:43 INFO  [info] loading settings for project binding-tariff-ruling-frontend-build-build from metals.sbt ...
2023.09.15 16:50:43 INFO  [info] loading project definition from /Users/michaelyau/HMRC/ddce_ls/atar_repos/binding-tariff-ruling-frontend/project/project
2023.09.15 16:50:46 INFO  [success] Generated .bloop/binding-tariff-ruling-frontend-build-build.json
2023.09.15 16:50:46 INFO  [success] Total time: 3 s, completed 15 Sep 2023, 16:50:46
2023.09.15 16:50:50 INFO  [info] loading settings for project binding-tariff-ruling-frontend-build from metals.sbt,plugins.sbt ...
2023.09.15 16:50:50 INFO  [info] loading project definition from /Users/michaelyau/HMRC/ddce_ls/atar_repos/binding-tariff-ruling-frontend/project
2023.09.15 16:50:55 INFO  [success] Generated .bloop/binding-tariff-ruling-frontend-build.json
2023.09.15 16:50:55 INFO  [info] compiling 1 Scala source to /Users/michaelyau/HMRC/ddce_ls/atar_repos/binding-tariff-ruling-frontend/project/target/scala-2.12/sbt-1.0/classes ...
2023.09.15 16:51:02 INFO  [info] done compiling
2023.09.15 16:51:02 INFO  [success] Total time: 12 s, completed 15 Sep 2023, 16:51:02
2023.09.15 16:51:08 INFO  [info] SbtAutoBuildPlugin - adding build settings
2023.09.15 16:51:08 INFO  [info] loading settings for project microservice from build.sbt ...
2023.09.15 16:51:10 ERROR SLF4J: No SLF4J providers were found.
2023.09.15 16:51:10 ERROR SLF4J: Defaulting to no-operation (NOP) logger implementation
2023.09.15 16:51:10 ERROR SLF4J: See https://www.slf4j.org/codes.html#noProviders for further details.
2023.09.15 16:51:10 ERROR SLF4J: Class path contains SLF4J bindings targeting slf4j-api versions 1.7.x or earlier.
2023.09.15 16:51:10 ERROR SLF4J: Ignoring binding found at [jar:file:/Users/michaelyau/.sbt/boot/scala-2.12.17/org.scala-sbt/sbt/1.8.0/log4j-slf4j-impl-2.17.1.jar!/org/slf4j/impl/StaticLoggerBinder.class]
2023.09.15 16:51:10 ERROR SLF4J: See https://www.slf4j.org/codes.html#ignoredBindings for an explanation.
2023.09.15 16:51:10 INFO  [info] SbtAutoBuildPlugin - repository is marked public. Licence headers will be added to all source files
2023.09.15 16:51:10 INFO  [info]   __              __
2023.09.15 16:51:10 INFO  [info]   \ \     ____   / /____ _ __  __
2023.09.15 16:51:10 INFO  [info]    \ \   / __ \ / // __ `// / / /
2023.09.15 16:51:10 INFO  [info]    / /  / /_/ // // /_/ // /_/ /
2023.09.15 16:51:10 INFO  [info]   /_/  / .___//_/ \__,_/ \__, /
2023.09.15 16:51:10 INFO  [info]       /_/               /____/
2023.09.15 16:51:10 INFO  [info] 
2023.09.15 16:51:10 INFO  [info] Version 2.8.19 running Java 11.0.11
2023.09.15 16:51:10 INFO  [info] 
2023.09.15 16:51:10 INFO  [info] Play is run entirely by the community. Please consider contributing and/or donating:
2023.09.15 16:51:10 INFO  [info] https://www.playframework.com/sponsors
2023.09.15 16:51:10 INFO  [info] 
2023.09.15 16:51:16 INFO  [success] Generated .bloop/microservice.json
2023.09.15 16:51:16 INFO  [success] Generated .bloop/microservice-test.json
2023.09.15 16:51:16 INFO  [success] Total time: 5 s, completed 15 Sep 2023, 16:51:17
2023.09.15 16:51:17 INFO  time: ran 'sbt bloopInstall' in 49s
2023.09.15 16:51:17 INFO  Attempting to connect to the build server...
2023.09.15 16:51:17 INFO  Bloop uses /Library/Java/JavaVirtualMachines/adoptopenjdk-11.jdk/Contents/Home defined at /Users/michaelyau/.bloop/bloop.json
2023.09.15 16:51:17 INFO  tracing is disabled for protocol BSP, to enable tracing of incoming and outgoing JSON messages create an empty file at /Users/michaelyau/HMRC/ddce_ls/atar_repos/binding-tariff-ruling-frontend/.metals/bsp.trace.json or /Users/michaelyau/Library/Caches/org.scalameta.metals/bsp.trace.json
2023.09.15 16:51:17 INFO  Attempting to connect to the build server...
2023.09.15 16:51:17 INFO  Bloop uses /Library/Java/JavaVirtualMachines/adoptopenjdk-11.jdk/Contents/Home defined at /Users/michaelyau/.bloop/bloop.json
2023.09.15 16:51:17 INFO  Attempting to connect to the build server...
2023.09.15 16:51:17 INFO  Bloop uses /Library/Java/JavaVirtualMachines/adoptopenjdk-11.jdk/Contents/Home defined at /Users/michaelyau/.bloop/bloop.json
2023.09.15 16:51:17 INFO  tracing is disabled for protocol BSP, to enable tracing of incoming and outgoing JSON messages create an empty file at /Users/michaelyau/HMRC/ddce_ls/atar_repos/binding-tariff-ruling-frontend/project/project/.metals/bsp.trace.json or /Users/michaelyau/Library/Caches/org.scalameta.metals/bsp.trace.json
2023.09.15 16:51:18 INFO  tracing is disabled for protocol BSP, to enable tracing of incoming and outgoing JSON messages create an empty file at /Users/michaelyau/HMRC/ddce_ls/atar_repos/binding-tariff-ruling-frontend/project/.metals/bsp.trace.json or /Users/michaelyau/Library/Caches/org.scalameta.metals/bsp.trace.json
2023.09.15 16:51:18 INFO  time: Connected to build server in 0.89s
2023.09.15 16:51:18 INFO  Connected to Build server: Bloop v1.5.8
2023.09.15 16:51:18 INFO  time: Imported build in 0.21s
2023.09.15 16:51:39 INFO  time: indexed workspace in 20s
Sep 15, 2023 4:51:43 PM scala.meta.internal.pc.ScalaPresentationCompiler newCompiler
WARNING: Unknown compiler options: utf8
2023.09.15 17:07:26 INFO  compiling microservice (68 scala sources and 3 java sources)
2023.09.15 17:07:40 WARN  Using indexes to guess the definition of FileStoreService
2023.09.15 17:07:40 INFO  Deduplicating compilation of microservice from bsp client 'Metals 1.0.1' (since 16m 22.143s)
2023.09.15 17:07:40 INFO  compiling microservice (68 scala sources and 3 java sources)
2023.09.15 17:07:40 WARN  Using indexes to guess the definition of RulingService
2023.09.15 17:07:40 WARN  Using indexes to guess the definition of RulingService
2023.09.15 17:07:59 INFO  compiling microservice-test (45 scala sources)
2023.09.15 17:07:59 INFO  time: compiled microservice in 18s
2023.09.15 17:08:21 INFO  time: compiled microservice-test in 22s
Sep 15, 2023 5:08:21 PM scala.meta.internal.pc.ScalaPresentationCompiler newCompiler
WARNING: Unknown compiler options: utf8
2023.09.16 21:31:58 INFO  Shutting down server
2023.09.16 21:31:58 INFO  shutting down Metals
2023.09.16 21:31:58 INFO  Shut down connection with build server.
2023.09.16 21:31:58 INFO  Shut down connection with build server.
2023.09.16 21:31:58 INFO  Shut down connection with build server.
2023.09.16 21:31:58 INFO  Exiting server
2023.09.22 13:44:11 INFO  Started: Metals version 1.0.1 in folders '/Users/michaelyau/HMRC/ddce_ls/atar_repos/binding-tariff-ruling-frontend' for client Visual Studio Code 1.82.2.
Sep 22, 2023 1:44:11 PM org.flywaydb.core.internal.license.VersionPrinter printVersionOnly
INFO: Flyway Community Edition 9.21.2 by Redgate
Sep 22, 2023 1:44:11 PM org.flywaydb.core.internal.license.VersionPrinter printVersion
INFO: See release notes here: https://rd.gt/416ObMi
Sep 22, 2023 1:44:11 PM org.flywaydb.core.internal.license.VersionPrinter printVersion
INFO: 
Sep 22, 2023 1:44:11 PM org.flywaydb.core.FlywayExecutor execute
INFO: Database: jdbc:h2:file:/Users/michaelyau/HMRC/ddce_ls/atar_repos/binding-tariff-ruling-frontend/.metals/metals (H2 2.1)
Sep 22, 2023 1:44:11 PM org.flywaydb.core.internal.command.DbValidate validate
INFO: Successfully validated 4 migrations (execution time 00:00.029s)
Sep 22, 2023 1:44:11 PM org.flywaydb.core.internal.command.DbMigrate migrateGroup
INFO: Current version of schema "PUBLIC": 4
Sep 22, 2023 1:44:11 PM org.flywaydb.core.internal.command.DbMigrate logSummary
INFO: Schema "PUBLIC" is up to date. No migration necessary.
2023.09.22 13:44:12 INFO  time: initialize in 0.93s
2023.09.22 13:44:15 INFO  Attempting to connect to the build server...
2023.09.22 13:44:15 INFO  Bloop uses /Library/Java/JavaVirtualMachines/adoptopenjdk-11.jdk/Contents/Home defined at /Users/michaelyau/.bloop/bloop.json
2023.09.22 13:44:15 INFO  skipping build import with status 'Installed'
2023.09.22 13:44:15 INFO  tracing is disabled for protocol BSP, to enable tracing of incoming and outgoing JSON messages create an empty file at /Users/michaelyau/HMRC/ddce_ls/atar_repos/binding-tariff-ruling-frontend/.metals/bsp.trace.json or /Users/michaelyau/Library/Caches/org.scalameta.metals/bsp.trace.json
2023.09.22 13:44:15 INFO  Attempting to connect to the build server...
2023.09.22 13:44:15 INFO  Bloop uses /Library/Java/JavaVirtualMachines/adoptopenjdk-11.jdk/Contents/Home defined at /Users/michaelyau/.bloop/bloop.json
2023.09.22 13:44:15 INFO  Attempting to connect to the build server...
2023.09.22 13:44:15 INFO  Bloop uses /Library/Java/JavaVirtualMachines/adoptopenjdk-11.jdk/Contents/Home defined at /Users/michaelyau/.bloop/bloop.json
2023.09.22 13:44:15 INFO  tracing is disabled for protocol BSP, to enable tracing of incoming and outgoing JSON messages create an empty file at /Users/michaelyau/HMRC/ddce_ls/atar_repos/binding-tariff-ruling-frontend/project/project/.metals/bsp.trace.json or /Users/michaelyau/Library/Caches/org.scalameta.metals/bsp.trace.json
2023.09.22 13:44:16 INFO  tracing is disabled for protocol BSP, to enable tracing of incoming and outgoing JSON messages create an empty file at /Users/michaelyau/HMRC/ddce_ls/atar_repos/binding-tariff-ruling-frontend/project/.metals/bsp.trace.json or /Users/michaelyau/Library/Caches/org.scalameta.metals/bsp.trace.json
2023.09.22 13:44:16 INFO  time: Connected to build server in 0.71s
2023.09.22 13:44:16 INFO  Connected to Build server: Bloop v1.5.8
2023.09.22 13:44:19 INFO  no build target found for /Users/michaelyau/HMRC/ddce_ls/atar_repos/binding-tariff-ruling-frontend/app/uk/gov/hmrc/bindingtariffrulingfrontend/service/RulingService.scala. Using presentation compiler with project's scala-library version: 3.3.0
2023.09.22 13:44:19 INFO  time: code lens generation in 4.48s
2023.09.22 13:44:19 INFO  time: Imported build in 0.34s
2023.09.22 13:44:26 INFO  time: indexed workspace in 6.12s
Sep 22, 2023 1:44:29 PM scala.meta.internal.pc.ScalaPresentationCompiler newCompiler
WARNING: Unknown compiler options: utf8
2023.09.22 16:20:06 INFO  Shutting down server
2023.09.22 16:20:06 INFO  shutting down Metals
2023.09.22 16:20:06 INFO  Shut down connection with build server.
2023.09.22 16:20:06 INFO  Shut down connection with build server.
2023.09.22 16:20:06 INFO  Shut down connection with build server.
2023.09.22 16:20:06 INFO  Exiting server
